d:\visualstudioprojects\survivaldungeon\survivaldungeon\debug\vc140.pdb
d:\visualstudioprojects\survivaldungeon\survivaldungeon\debug\vc140.idb
d:\visualstudioprojects\survivaldungeon\survivaldungeon\debug\appmanager.obj
d:\visualstudioprojects\survivaldungeon\survivaldungeon\debug\filesaveclass.obj
d:\visualstudioprojects\survivaldungeon\survivaldungeon\debug\mainfunction.obj
d:\visualstudioprojects\survivaldungeon\survivaldungeon\debug\objectbase.obj
d:\visualstudioprojects\survivaldungeon\survivaldungeon\debug\playerclass.obj
d:\visualstudioprojects\survivaldungeon\survivaldungeon\debug\squareclass.obj
d:\visualstudioprojects\survivaldungeon\survivaldungeon\debug\squarebasecpp.obj
d:\visualstudioprojects\survivaldungeon\survivaldungeon\debug\inputclass.obj
d:\visualstudioprojects\survivaldungeon\survivaldungeon\debug\characterbase.obj
d:\visualstudioprojects\survivaldungeon\survivaldungeon\debug\charabase.obj
d:\visualstudioprojects\survivaldungeon\survivaldungeon\debug\caluclation.obj
d:\visualstudioprojects\survivaldungeon\survivaldungeon\debug\movebase.obj
d:\visualstudioprojects\survivaldungeon\survivaldungeon\debug\movenormal.obj
d:\visualstudioprojects\survivaldungeon\survivaldungeon\debug\movedodge.obj
d:\visualstudioprojects\survivaldungeon\debug\survivaldungeon.ilk
d:\visualstudioprojects\survivaldungeon\debug\survivaldungeon.exe
d:\visualstudioprojects\survivaldungeon\debug\survivaldungeon.pdb
d:\visualstudioprojects\survivaldungeon\survivaldungeon\debug\survivaldungeon.tlog\cl.command.1.tlog
d:\visualstudioprojects\survivaldungeon\survivaldungeon\debug\survivaldungeon.tlog\cl.read.1.tlog
d:\visualstudioprojects\survivaldungeon\survivaldungeon\debug\survivaldungeon.tlog\cl.write.1.tlog
d:\visualstudioprojects\survivaldungeon\survivaldungeon\debug\survivaldungeon.tlog\link-cvtres.read.1.tlog
d:\visualstudioprojects\survivaldungeon\survivaldungeon\debug\survivaldungeon.tlog\link-cvtres.write.1.tlog
d:\visualstudioprojects\survivaldungeon\survivaldungeon\debug\survivaldungeon.tlog\link-rc.read.1.tlog
d:\visualstudioprojects\survivaldungeon\survivaldungeon\debug\survivaldungeon.tlog\link-rc.write.1.tlog
d:\visualstudioprojects\survivaldungeon\survivaldungeon\debug\survivaldungeon.tlog\link.3324-cvtres.read.1.tlog
d:\visualstudioprojects\survivaldungeon\survivaldungeon\debug\survivaldungeon.tlog\link.3324-cvtres.write.1.tlog
d:\visualstudioprojects\survivaldungeon\survivaldungeon\debug\survivaldungeon.tlog\link.3324-rc.read.1.tlog
d:\visualstudioprojects\survivaldungeon\survivaldungeon\debug\survivaldungeon.tlog\link.3324-rc.write.1.tlog
d:\visualstudioprojects\survivaldungeon\survivaldungeon\debug\survivaldungeon.tlog\link.3324.read.1.tlog
d:\visualstudioprojects\survivaldungeon\survivaldungeon\debug\survivaldungeon.tlog\link.3324.write.1.tlog
d:\visualstudioprojects\survivaldungeon\survivaldungeon\debug\survivaldungeon.tlog\link.command.1.tlog
d:\visualstudioprojects\survivaldungeon\survivaldungeon\debug\survivaldungeon.tlog\link.read.1.tlog
d:\visualstudioprojects\survivaldungeon\survivaldungeon\debug\survivaldungeon.tlog\link.write.1.tlog
